# JRE version: OpenJDK Runtime Environment Microsoft-8035246 (17.0.8+7) (build 17.0.8+7-LTS)
# Java VM: OpenJDK 64-Bit Server VM Microsoft-8035246 (17.0.8+7-LTS, mixed mode, sharing, tiered, compressed oops, compressed class ptrs, g1 gc, windows-amd64)
GC Precious Log:
 CPUs: 4 total, 4 available
 Memory: 7834M
 Large Page Support: Disabled
 NUMA Support: Disabled
 Compressed Oops: Enabled (32-bit)
 Heap Region Size: 1M
 Heap Min Capacity: 8M
 Heap Initial Capacity: 124M
 Heap Max Capacity: 1960M
 Pre-touch: Disabled
 Parallel Workers: 4
 Concurrent Workers: 1
 Concurrent Refinement Workers: 4
 Periodic GC: Disabled
Heap:
 garbage-first heap   total 68608K, used 39966K [0x0000000085800000, 0x0000000100000000)
  region size 1024K, 4 young (4096K), 2 survivors (2048K)
 Metaspace       used 41539K, committed 41792K, reserved 1114112K
  class space    used 5034K, committed 5184K, reserved 1048576K
GC Heap History (20 events):
Event: 13.851 GC heap before
{Heap before GC invocations=4 (full 0):
 garbage-first heap   total 55296K, used 43257K [0x0000000085800000, 0x0000000100000000)
  region size 1024K, 32 young (32768K), 6 survivors (6144K)
 Metaspace       used 25357K, committed 25664K, reserved 1114112K
  class space    used 3430K, committed 3584K, reserved 1048576K
}
Event: 13.870 GC heap after
{Heap after GC invocations=5 (full 0):
 garbage-first heap   total 55296K, used 20985K [0x0000000085800000, 0x0000000100000000)
  region size 1024K, 4 young (4096K), 4 survivors (4096K)
 Metaspace       used 25357K, committed 25664K, reserved 1114112K
  class space    used 3430K, committed 3584K, reserved 1048576K
}
Event: 15.485 GC heap before
{Heap before GC invocations=5 (full 0):
 garbage-first heap   total 55296K, used 39417K [0x0000000085800000, 0x0000000100000000)
  region size 1024K, 22 young (22528K), 4 survivors (4096K)
 Metaspace       used 28878K, committed 29120K, reserved 1114112K
  class space    used 3802K, committed 3968K, reserved 1048576K
}
Event: 15.495 GC heap after
{Heap after GC invocations=6 (full 0):
 garbage-first heap   total 55296K, used 22468K [0x0000000085800000, 0x0000000100000000)
  region size 1024K, 3 young (3072K), 3 survivors (3072K)
 Metaspace       used 28878K, committed 29120K, reserved 1114112K
  class space    used 3802K, committed 3968K, reserved 1048576K
}
Event: 16.272 GC heap before
{Heap before GC invocations=6 (full 0):
 garbage-first heap   total 55296K, used 38852K [0x0000000085800000, 0x0000000100000000)
  region size 1024K, 20 young (20480K), 3 survivors (3072K)
 Metaspace       used 32154K, committed 32448K, reserved 1114112K
  class space    used 4082K, committed 4224K, reserved 1048576K
}
Event: 16.279 GC heap after
{Heap after GC invocations=7 (full 0):
 garbage-first heap   total 55296K, used 24773K [0x0000000085800000, 0x0000000100000000)
  region size 1024K, 3 young (3072K), 3 survivors (3072K)
 Metaspace       used 32154K, committed 32448K, reserved 1114112K
  class space    used 4082K, committed 4224K, reserved 1048576K
}
Event: 18.820 GC heap before
{Heap before GC invocations=7 (full 0):
 garbage-first heap   total 55296K, used 39109K [0x0000000085800000, 0x0000000100000000)
  region size 1024K, 18 young (18432K), 3 survivors (3072K)
 Metaspace       used 35741K, committed 35968K, reserved 1114112K
  class space    used 4444K, committed 4544K, reserved 1048576K
}
Event: 18.829 GC heap after
{Heap after GC invocations=8 (full 0):
 garbage-first heap   total 55296K, used 26091K [0x0000000085800000, 0x0000000100000000)
  region size 1024K, 2 young (2048K), 2 survivors (2048K)
 Metaspace       used 35741K, committed 35968K, reserved 1114112K
  class space    used 4444K, committed 4544K, reserved 1048576K
}
Event: 19.250 GC heap before
{Heap before GC invocations=9 (full 0):
 garbage-first heap   total 55296K, used 31211K [0x0000000085800000, 0x0000000100000000)
  region size 1024K, 9 young (9216K), 2 survivors (2048K)
 Metaspace       used 37484K, committed 37760K, reserved 1114112K
  class space    used 4676K, committed 4800K, reserved 1048576K
}
Event: 19.256 GC heap after
{Heap after GC invocations=10 (full 0):
 garbage-first heap   total 55296K, used 26846K [0x0000000085800000, 0x0000000100000000)
  region size 1024K, 1 young (1024K), 1 survivors (1024K)
 Metaspace       used 37484K, committed 37760K, reserved 1114112K
  class space    used 4676K, committed 4800K, reserved 1048576K
}
Event: 20.588 GC heap before
{Heap before GC invocations=11 (full 0):
 garbage-first heap   total 55296K, used 44254K [0x0000000085800000, 0x0000000100000000)
  region size 1024K, 16 young (16384K), 1 survivors (1024K)
 Metaspace       used 39232K, committed 39488K, reserved 1114112K
  class space    used 4847K, committed 4992K, reserved 1048576K
}
Event: 20.595 GC heap after
{Heap after GC invocations=12 (full 0):
 garbage-first heap   total 55296K, used 31987K [0x0000000085800000, 0x0000000100000000)
  region size 1024K, 2 young (2048K), 2 survivors (2048K)
 Metaspace       used 39232K, committed 39488K, reserved 1114112K
  class space    used 4847K, committed 4992K, reserved 1048576K
}
Event: 21.029 GC heap before
{Heap before GC invocations=12 (full 0):
 garbage-first heap   total 55296K, used 41203K [0x0000000085800000, 0x0000000100000000)
  region size 1024K, 12 young (12288K), 2 survivors (2048K)
 Metaspace       used 40754K, committed 41024K, reserved 1114112K
  class space    used 5005K, committed 5120K, reserved 1048576K
}
Event: 21.038 GC heap after
{Heap after GC invocations=13 (full 0):
 garbage-first heap   total 55296K, used 34166K [0x0000000085800000, 0x0000000100000000)
  region size 1024K, 2 young (2048K), 2 survivors (2048K)
 Metaspace       used 40754K, committed 41024K, reserved 1114112K
  class space    used 5005K, committed 5120K, reserved 1048576K
}
Event: 21.109 GC heap before
{Heap before GC invocations=13 (full 0):
 garbage-first heap   total 68608K, used 42358K [0x0000000085800000, 0x0000000100000000)
  region size 1024K, 10 young (10240K), 2 survivors (2048K)
 Metaspace       used 40787K, committed 41088K, reserved 1114112K
  class space    used 5005K, committed 5120K, reserved 1048576K
}
Event: 21.116 GC heap after
{Heap after GC invocations=14 (full 0):
 garbage-first heap   total 68608K, used 36664K [0x0000000085800000, 0x0000000100000000)
  region size 1024K, 2 young (2048K), 2 survivors (2048K)
 Metaspace       used 40787K, committed 41088K, reserved 1114112K
  class space    used 5005K, committed 5120K, reserved 1048576K
}
Event: 21.379 GC heap before
{Heap before GC invocations=15 (full 0):
 garbage-first heap   total 68608K, used 51000K [0x0000000085800000, 0x0000000100000000)
  region size 1024K, 16 young (16384K), 2 survivors (2048K)
 Metaspace       used 40827K, committed 41088K, reserved 1114112K
  class space    used 5005K, committed 5120K, reserved 1048576K
}
Event: 21.381 GC heap after
{Heap after GC invocations=16 (full 0):
 garbage-first heap   total 68608K, used 35805K [0x0000000085800000, 0x0000000100000000)
  region size 1024K, 1 young (1024K), 1 survivors (1024K)
 Metaspace       used 40827K, committed 41088K, reserved 1114112K
  class space    used 5005K, committed 5120K, reserved 1048576K
}
Event: 22.283 GC heap before
{Heap before GC invocations=16 (full 0):
 garbage-first heap   total 68608K, used 51165K [0x0000000085800000, 0x0000000100000000)
  region size 1024K, 16 young (16384K), 1 survivors (1024K)
 Metaspace       used 41528K, committed 41792K, reserved 1114112K
  class space    used 5034K, committed 5184K, reserved 1048576K
}
Event: 22.290 GC heap after
{Heap after GC invocations=17 (full 0):
 garbage-first heap   total 68608K, used 38942K [0x0000000085800000, 0x0000000100000000)
  region size 1024K, 2 young (2048K), 2 survivors (2048K)
 Metaspace       used 41528K, committed 41792K, reserved 1114112K
  class space    used 5034K, committed 5184K, reserved 1048576K
}

