# JRE version: OpenJDK Runtime Environment Microsoft-8035246 (17.0.8+7) (build 17.0.8+7-LTS)
# Java VM: OpenJDK 64-Bit Server VM Microsoft-8035246 (17.0.8+7-LTS, mixed mode, sharing, tiered, compressed oops, compressed class ptrs, g1 gc, windows-amd64)
GC Precious Log:
 CPUs: 4 total, 4 available
 Memory: 7834M
 Large Page Support: Disabled
 NUMA Support: Disabled
 Compressed Oops: Enabled (32-bit)
 Heap Region Size: 1M
 Heap Min Capacity: 8M
 Heap Initial Capacity: 124M
 Heap Max Capacity: 1960M
 Pre-touch: Disabled
 Parallel Workers: 4
 Concurrent Workers: 1
 Concurrent Refinement Workers: 4
 Periodic GC: Disabled
Heap:
 garbage-first heap   total 55296K, used 41371K [0x0000000085800000, 0x0000000100000000)
  region size 1024K, 10 young (10240K), 2 survivors (2048K)
 Metaspace       used 40754K, committed 41024K, reserved 1114112K
  class space    used 4997K, committed 5120K, reserved 1048576K
GC Heap History (20 events):
Event: 2.517 GC heap before
{Heap before GC invocations=1 (full 0):
 garbage-first heap   total 126976K, used 22640K [0x0000000085800000, 0x0000000100000000)
  region size 1024K, 19 young (19456K), 2 survivors (2048K)
 Metaspace       used 7922K, committed 8000K, reserved 1114112K
  class space    used 832K, committed 896K, reserved 1048576K
}
Event: 2.523 GC heap after
{Heap after GC invocations=2 (full 0):
 garbage-first heap   total 126976K, used 7034K [0x0000000085800000, 0x0000000100000000)
  region size 1024K, 2 young (2048K), 2 survivors (2048K)
 Metaspace       used 7922K, committed 8000K, reserved 1114112K
  class space    used 832K, committed 896K, reserved 1048576K
}
Event: 5.750 GC heap before
{Heap before GC invocations=2 (full 0):
 garbage-first heap   total 126976K, used 61306K [0x0000000085800000, 0x0000000100000000)
  region size 1024K, 53 young (54272K), 2 survivors (2048K)
 Metaspace       used 21347K, committed 21504K, reserved 1114112K
  class space    used 2794K, committed 2880K, reserved 1048576K
}
Event: 5.763 GC heap after
{Heap after GC invocations=3 (full 0):
 garbage-first heap   total 126976K, used 14442K [0x0000000085800000, 0x0000000100000000)
  region size 1024K, 6 young (6144K), 6 survivors (6144K)
 Metaspace       used 21347K, committed 21504K, reserved 1114112K
  class space    used 2794K, committed 2880K, reserved 1048576K
}
Event: 7.804 GC heap before
{Heap before GC invocations=4 (full 0):
 garbage-first heap   total 55296K, used 43114K [0x0000000085800000, 0x0000000100000000)
  region size 1024K, 32 young (32768K), 6 survivors (6144K)
 Metaspace       used 25224K, committed 25536K, reserved 1114112K
  class space    used 3432K, committed 3584K, reserved 1048576K
}
Event: 7.824 GC heap after
{Heap after GC invocations=5 (full 0):
 garbage-first heap   total 55296K, used 20910K [0x0000000085800000, 0x0000000100000000)
  region size 1024K, 4 young (4096K), 4 survivors (4096K)
 Metaspace       used 25224K, committed 25536K, reserved 1114112K
  class space    used 3432K, committed 3584K, reserved 1048576K
}
Event: 7.870 GC heap before
{Heap before GC invocations=5 (full 0):
 garbage-first heap   total 55296K, used 20910K [0x0000000085800000, 0x0000000100000000)
  region size 1024K, 5 young (5120K), 4 survivors (4096K)
 Metaspace       used 25556K, committed 25856K, reserved 1114112K
  class space    used 3466K, committed 3584K, reserved 1048576K
}
Event: 7.879 GC heap after
{Heap after GC invocations=6 (full 0):
 garbage-first heap   total 55296K, used 22223K [0x0000000085800000, 0x0000000100000000)
  region size 1024K, 1 young (1024K), 1 survivors (1024K)
 Metaspace       used 25556K, committed 25856K, reserved 1114112K
  class space    used 3466K, committed 3584K, reserved 1048576K
}
Event: 9.420 GC heap before
{Heap before GC invocations=6 (full 0):
 garbage-first heap   total 55296K, used 40655K [0x0000000085800000, 0x0000000100000000)
  region size 1024K, 19 young (19456K), 1 survivors (1024K)
 Metaspace       used 28853K, committed 29120K, reserved 1114112K
  class space    used 3813K, committed 3968K, reserved 1048576K
}
Event: 9.424 GC heap after
{Heap after GC invocations=7 (full 0):
 garbage-first heap   total 55296K, used 22052K [0x0000000085800000, 0x0000000100000000)
  region size 1024K, 3 young (3072K), 3 survivors (3072K)
 Metaspace       used 28853K, committed 29120K, reserved 1114112K
  class space    used 3813K, committed 3968K, reserved 1048576K
}
Event: 10.564 GC heap before
{Heap before GC invocations=7 (full 0):
 garbage-first heap   total 55296K, used 40484K [0x0000000085800000, 0x0000000100000000)
  region size 1024K, 21 young (21504K), 3 survivors (3072K)
 Metaspace       used 32490K, committed 32768K, reserved 1114112K
  class space    used 4127K, committed 4288K, reserved 1048576K
}
Event: 10.571 GC heap after
{Heap after GC invocations=8 (full 0):
 garbage-first heap   total 55296K, used 23899K [0x0000000085800000, 0x0000000100000000)
  region size 1024K, 2 young (2048K), 2 survivors (2048K)
 Metaspace       used 32490K, committed 32768K, reserved 1114112K
  class space    used 4127K, committed 4288K, reserved 1048576K
}
Event: 12.763 GC heap before
{Heap before GC invocations=8 (full 0):
 garbage-first heap   total 55296K, used 37211K [0x0000000085800000, 0x0000000100000000)
  region size 1024K, 16 young (16384K), 2 survivors (2048K)
 Metaspace       used 35741K, committed 35968K, reserved 1114112K
  class space    used 4454K, committed 4608K, reserved 1048576K
}
Event: 12.769 GC heap after
{Heap after GC invocations=9 (full 0):
 garbage-first heap   total 55296K, used 25829K [0x0000000085800000, 0x0000000100000000)
  region size 1024K, 2 young (2048K), 2 survivors (2048K)
 Metaspace       used 35741K, committed 35968K, reserved 1114112K
  class space    used 4454K, committed 4608K, reserved 1048576K
}
Event: 13.258 GC heap before
{Heap before GC invocations=10 (full 0):
 garbage-first heap   total 55296K, used 30949K [0x0000000085800000, 0x0000000100000000)
  region size 1024K, 9 young (9216K), 2 survivors (2048K)
 Metaspace       used 37351K, committed 37632K, reserved 1114112K
  class space    used 4667K, committed 4800K, reserved 1048576K
}
Event: 13.263 GC heap after
{Heap after GC invocations=11 (full 0):
 garbage-first heap   total 55296K, used 26470K [0x0000000085800000, 0x0000000100000000)
  region size 1024K, 1 young (1024K), 1 survivors (1024K)
 Metaspace       used 37351K, committed 37632K, reserved 1114112K
  class space    used 4667K, committed 4800K, reserved 1048576K
}
Event: 14.806 GC heap before
{Heap before GC invocations=12 (full 0):
 garbage-first heap   total 55296K, used 44902K [0x0000000085800000, 0x0000000100000000)
  region size 1024K, 17 young (17408K), 1 survivors (1024K)
 Metaspace       used 39205K, committed 39488K, reserved 1114112K
  class space    used 4843K, committed 4992K, reserved 1048576K
}
Event: 14.814 GC heap after
{Heap after GC invocations=13 (full 0):
 garbage-first heap   total 55296K, used 32090K [0x0000000085800000, 0x0000000100000000)
  region size 1024K, 3 young (3072K), 3 survivors (3072K)
 Metaspace       used 39205K, committed 39488K, reserved 1114112K
  class space    used 4843K, committed 4992K, reserved 1048576K
}
Event: 15.844 GC heap before
{Heap before GC invocations=13 (full 0):
 garbage-first heap   total 55296K, used 40282K [0x0000000085800000, 0x0000000100000000)
  region size 1024K, 12 young (12288K), 3 survivors (3072K)
 Metaspace       used 40712K, committed 40960K, reserved 1114112K
  class space    used 4997K, committed 5120K, reserved 1048576K
}
Event: 15.852 GC heap after
{Heap after GC invocations=14 (full 0):
 garbage-first heap   total 55296K, used 34203K [0x0000000085800000, 0x0000000100000000)
  region size 1024K, 2 young (2048K), 2 survivors (2048K)
 Metaspace       used 40712K, committed 40960K, reserved 1114112K
  class space    used 4997K, committed 5120K, reserved 1048576K
}

