# JRE version: OpenJDK Runtime Environment Microsoft-8035246 (17.0.8+7) (build 17.0.8+7-LTS)
# Java VM: OpenJDK 64-Bit Server VM Microsoft-8035246 (17.0.8+7-LTS, mixed mode, sharing, tiered, compressed oops, compressed class ptrs, g1 gc, windows-amd64)
GC Precious Log:
 CPUs: 4 total, 4 available
 Memory: 7834M
 Large Page Support: Disabled
 NUMA Support: Disabled
 Compressed Oops: Enabled (32-bit)
 Heap Region Size: 1M
 Heap Min Capacity: 8M
 Heap Initial Capacity: 124M
 Heap Max Capacity: 1960M
 Pre-touch: Disabled
 Parallel Workers: 4
 Concurrent Workers: 1
 Concurrent Refinement Workers: 4
 Periodic GC: Disabled
Heap:
 garbage-first heap   total 76800K, used 50903K [0x0000000085800000, 0x0000000100000000)
  region size 1024K, 17 young (17408K), 1 survivors (1024K)
 Metaspace       used 43141K, committed 43456K, reserved 1114112K
  class space    used 5290K, committed 5440K, reserved 1048576K
GC Heap History (20 events):
Event: 4.793 GC heap before
{Heap before GC invocations=2 (full 0):
 garbage-first heap   total 126976K, used 60333K [0x0000000085800000, 0x0000000100000000)
  region size 1024K, 52 young (53248K), 2 survivors (2048K)
 Metaspace       used 21318K, committed 21504K, reserved 1114112K
  class space    used 2766K, committed 2816K, reserved 1048576K
}
Event: 4.805 GC heap after
{Heap after GC invocations=3 (full 0):
 garbage-first heap   total 126976K, used 14593K [0x0000000085800000, 0x0000000100000000)
  region size 1024K, 6 young (6144K), 6 survivors (6144K)
 Metaspace       used 21318K, committed 21504K, reserved 1114112K
  class space    used 2766K, committed 2816K, reserved 1048576K
}
Event: 7.547 GC heap before
{Heap before GC invocations=4 (full 0):
 garbage-first heap   total 55296K, used 43265K [0x0000000085800000, 0x0000000100000000)
  region size 1024K, 32 young (32768K), 6 survivors (6144K)
 Metaspace       used 25505K, committed 25792K, reserved 1114112K
  class space    used 3453K, committed 3584K, reserved 1048576K
}
Event: 7.568 GC heap after
{Heap after GC invocations=5 (full 0):
 garbage-first heap   total 55296K, used 21078K [0x0000000085800000, 0x0000000100000000)
  region size 1024K, 4 young (4096K), 4 survivors (4096K)
 Metaspace       used 25505K, committed 25792K, reserved 1114112K
  class space    used 3453K, committed 3584K, reserved 1048576K
}
Event: 8.896 GC heap before
{Heap before GC invocations=5 (full 0):
 garbage-first heap   total 55296K, used 38486K [0x0000000085800000, 0x0000000100000000)
  region size 1024K, 22 young (22528K), 4 survivors (4096K)
 Metaspace       used 28869K, committed 29120K, reserved 1114112K
  class space    used 3813K, committed 3968K, reserved 1048576K
}
Event: 8.906 GC heap after
{Heap after GC invocations=6 (full 0):
 garbage-first heap   total 55296K, used 22461K [0x0000000085800000, 0x0000000100000000)
  region size 1024K, 3 young (3072K), 3 survivors (3072K)
 Metaspace       used 28869K, committed 29120K, reserved 1114112K
  class space    used 3813K, committed 3968K, reserved 1048576K
}
Event: 9.790 GC heap before
{Heap before GC invocations=6 (full 0):
 garbage-first heap   total 55296K, used 39869K [0x0000000085800000, 0x0000000100000000)
  region size 1024K, 20 young (20480K), 3 survivors (3072K)
 Metaspace       used 32269K, committed 32512K, reserved 1114112K
  class space    used 4106K, committed 4224K, reserved 1048576K
}
Event: 9.797 GC heap after
{Heap after GC invocations=7 (full 0):
 garbage-first heap   total 55296K, used 25196K [0x0000000085800000, 0x0000000100000000)
  region size 1024K, 3 young (3072K), 3 survivors (3072K)
 Metaspace       used 32269K, committed 32512K, reserved 1114112K
  class space    used 4106K, committed 4224K, reserved 1048576K
}
Event: 11.501 GC heap before
{Heap before GC invocations=7 (full 0):
 garbage-first heap   total 55296K, used 39532K [0x0000000085800000, 0x0000000100000000)
  region size 1024K, 18 young (18432K), 3 survivors (3072K)
 Metaspace       used 35606K, committed 35840K, reserved 1114112K
  class space    used 4435K, committed 4544K, reserved 1048576K
}
Event: 11.510 GC heap after
{Heap after GC invocations=8 (full 0):
 garbage-first heap   total 55296K, used 26674K [0x0000000085800000, 0x0000000100000000)
  region size 1024K, 3 young (3072K), 3 survivors (3072K)
 Metaspace       used 35606K, committed 35840K, reserved 1114112K
  class space    used 4435K, committed 4544K, reserved 1048576K
}
Event: 11.602 GC heap before
{Heap before GC invocations=8 (full 0):
 garbage-first heap   total 55296K, used 27698K [0x0000000085800000, 0x0000000100000000)
  region size 1024K, 5 young (5120K), 3 survivors (3072K)
 Metaspace       used 35889K, committed 36096K, reserved 1114112K
  class space    used 4482K, committed 4608K, reserved 1048576K
}
Event: 11.608 GC heap after
{Heap after GC invocations=9 (full 0):
 garbage-first heap   total 55296K, used 27247K [0x0000000085800000, 0x0000000100000000)
  region size 1024K, 1 young (1024K), 1 survivors (1024K)
 Metaspace       used 35889K, committed 36096K, reserved 1114112K
  class space    used 4482K, committed 4608K, reserved 1048576K
}
Event: 12.772 GC heap before
{Heap before GC invocations=10 (full 0):
 garbage-first heap   total 55296K, used 35439K [0x0000000085800000, 0x0000000100000000)
  region size 1024K, 11 young (11264K), 1 survivors (1024K)
 Metaspace       used 37765K, committed 38080K, reserved 1114112K
  class space    used 4714K, committed 4864K, reserved 1048576K
}
Event: 12.782 GC heap after
{Heap after GC invocations=11 (full 0):
 garbage-first heap   total 55296K, used 28009K [0x0000000085800000, 0x0000000100000000)
  region size 1024K, 2 young (2048K), 2 survivors (2048K)
 Metaspace       used 37765K, committed 38080K, reserved 1114112K
  class space    used 4714K, committed 4864K, reserved 1048576K
}
Event: 14.070 GC heap before
{Heap before GC invocations=12 (full 0):
 garbage-first heap   total 55296K, used 42345K [0x0000000085800000, 0x0000000100000000)
  region size 1024K, 15 young (15360K), 2 survivors (2048K)
 Metaspace       used 39514K, committed 39744K, reserved 1114112K
  class space    used 4871K, committed 4992K, reserved 1048576K
}
Event: 14.077 GC heap after
{Heap after GC invocations=13 (full 0):
 garbage-first heap   total 55296K, used 32695K [0x0000000085800000, 0x0000000100000000)
  region size 1024K, 2 young (2048K), 2 survivors (2048K)
 Metaspace       used 39514K, committed 39744K, reserved 1114112K
  class space    used 4871K, committed 4992K, reserved 1048576K
}
Event: 14.244 GC heap before
{Heap before GC invocations=14 (full 0):
 garbage-first heap   total 63488K, used 42935K [0x0000000085800000, 0x0000000100000000)
  region size 1024K, 12 young (12288K), 2 survivors (2048K)
 Metaspace       used 39590K, committed 39872K, reserved 1114112K
  class space    used 4871K, committed 4992K, reserved 1048576K
}
Event: 14.252 GC heap after
{Heap after GC invocations=15 (full 0):
 garbage-first heap   total 63488K, used 36029K [0x0000000085800000, 0x0000000100000000)
  region size 1024K, 2 young (2048K), 2 survivors (2048K)
 Metaspace       used 39590K, committed 39872K, reserved 1114112K
  class space    used 4871K, committed 4992K, reserved 1048576K
}
Event: 14.695 GC heap before
{Heap before GC invocations=15 (full 0):
 garbage-first heap   total 63488K, used 48317K [0x0000000085800000, 0x0000000100000000)
  region size 1024K, 14 young (14336K), 2 survivors (2048K)
 Metaspace       used 39655K, committed 39936K, reserved 1114112K
  class space    used 4873K, committed 4992K, reserved 1048576K
}
Event: 14.698 GC heap after
{Heap after GC invocations=16 (full 0):
 garbage-first heap   total 76800K, used 35543K [0x0000000085800000, 0x0000000100000000)
  region size 1024K, 1 young (1024K), 1 survivors (1024K)
 Metaspace       used 39655K, committed 39936K, reserved 1114112K
  class space    used 4873K, committed 4992K, reserved 1048576K
}

